<?xml version="1.0" encoding="UTF-8"?>
<!-- Generated by org.testng.reporters.JUnitXMLReporter -->
<testsuite ignored="3" hostname="PIT0901" failures="0" tests="1" name="Default test" time="2.081" errors="0" timestamp="2022-06-17T12:16:15 SAST">
  <testcase classname="testDemoWebShop.RestTest" name="getShippingdDetailsByID" time="1.666"/>
  <testcase classname="testDemoWebShop.RestTest" name="getShippingState" time="0.0">
    <ignored/>
  </testcase> <!-- getShippingState -->
  <testcase classname="testDemoWebShop.RestTest" name="getAllShippingDetails" time="0.0">
    <ignored/>
  </testcase> <!-- getAllShippingDetails -->
  <testcase classname="testDemoWebShop.RestTest" name="getShippingCountry" time="0.0">
    <ignored/>
  </testcase> <!-- getShippingCountry -->
</testsuite> <!-- Default test -->
