<?xml version="1.0" encoding="UTF-8"?>
<!-- Generated by org.testng.reporters.JUnitXMLReporter -->
<testsuite ignored="6" hostname="PIT0901" failures="0" tests="1" name="Default test" time="2.751" errors="0" timestamp="2022-06-26T21:41:04 SAST">
  <testcase classname="testDemoWebShop.RestTest" name="getShippingCountryDesc" time="2.32"/>
  <testcase classname="testDemoWebShop.RestTest" name="getAllShippingDetails" time="0.0">
    <ignored/>
  </testcase> <!-- getAllShippingDetails -->
  <testcase classname="testDemoWebShop.RestTest" name="getShippingState" time="0.0">
    <ignored/>
  </testcase> <!-- getShippingState -->
  <testcase classname="testDemoWebShop.RestTest" name="getShippingdDetailsByID" time="0.0">
    <ignored/>
  </testcase> <!-- getShippingdDetailsByID -->
  <testcase classname="testDemoWebShop.RestTest" name="testCase" time="0.0">
    <ignored/>
  </testcase> <!-- testCase -->
  <testcase classname="testDemoWebShop.RestTest" name="getShippingState2" time="0.0">
    <ignored/>
  </testcase> <!-- getShippingState2 -->
  <testcase classname="testDemoWebShop.RestTest" name="getShippingCountry" time="0.0">
    <ignored/>
  </testcase> <!-- getShippingCountry -->
</testsuite> <!-- Default test -->
