<?xml version="1.0" encoding="UTF-8"?>
<testng-results ignored="3" total="4" passed="1" failed="0" skipped="0">
  <reporter-output>
  </reporter-output>
  <suite started-at="2022-06-17T12:16:13 SAST" name="Default suite" finished-at="2022-06-17T12:16:15 SAST" duration-ms="2081">
    <groups>
    </groups>
    <test started-at="2022-06-17T12:16:13 SAST" name="Default test" finished-at="2022-06-17T12:16:15 SAST" duration-ms="2081">
      <class name="testDemoWebShop.RestTest">
        <test-method is-config="true" signature="setUp()[pri:0, instance:testDemoWebShop.RestTest@6d763516]" started-at="2022-06-17T12:16:13 SAST" name="setUp" finished-at="2022-06-17T12:16:13 SAST" duration-ms="396" status="PASS">
          <reporter-output>
          </reporter-output>
        </test-method> <!-- setUp -->
        <test-method signature="getShippingdDetailsByID()[pri:0, instance:testDemoWebShop.RestTest@6d763516]" started-at="2022-06-17T12:16:13 SAST" name="getShippingdDetailsByID" finished-at="2022-06-17T12:16:15 SAST" duration-ms="1666" status="PASS">
          <reporter-output>
          </reporter-output>
        </test-method> <!-- getShippingdDetailsByID -->
      </class> <!-- testDemoWebShop.RestTest -->
    </test> <!-- Default test -->
  </suite> <!-- Default suite -->
</testng-results>
